<?xml version="1.0" encoding="UTF-8"?>
<testsuite name="ec.edu.espe.banquito.accounts.service.AccountServiceTest" tests="10" skipped="0" failures="0" errors="0" timestamp="2023-08-30T15:58:03" hostname="DAVID" time="0.166">
  <properties/>
  <testcase name="findAccountByInternalCodeAccount -- Success Scenario" classname="ec.edu.espe.banquito.accounts.service.AccountServiceTest" time="0.07"/>
  <testcase name="findAccountByAccountUK -- Success Scenario" classname="ec.edu.espe.banquito.accounts.service.AccountServiceTest" time="0.008"/>
  <testcase name="findByUK -- Success Scenario" classname="ec.edu.espe.banquito.accounts.service.AccountServiceTest" time="0.01"/>
  <testcase name="findAccountByInternalCodeAccount -- Failure Scenario" classname="ec.edu.espe.banquito.accounts.service.AccountServiceTest" time="0.009"/>
  <testcase name="findAccountByAccountUK -- Failure Scenario" classname="ec.edu.espe.banquito.accounts.service.AccountServiceTest" time="0.009"/>
  <testcase name="updateMaxOverdraft -- Success Scenario" classname="ec.edu.espe.banquito.accounts.service.AccountServiceTest" time="0.008"/>
  <testcase name="updateMaxOverdraft -- Failure Scenario" classname="ec.edu.espe.banquito.accounts.service.AccountServiceTest" time="0.006"/>
  <testcase name="findAccountByAccountUK -- Failure Scenario" classname="ec.edu.espe.banquito.accounts.service.AccountServiceTest" time="0.006"/>
  <testcase name="findByUK -- Failure Scenario" classname="ec.edu.espe.banquito.accounts.service.AccountServiceTest" time="0.009"/>
  <testcase name="createAccount -- Failure Scenario" classname="ec.edu.espe.banquito.accounts.service.AccountServiceTest" time="0.009"/>
  <system-out><![CDATA[2023-08-30T10:58:03.165-05:00  INFO 13344 --- [    Test worker] t.c.s.AnnotationConfigContextLoaderUtils : Could not detect default configuration classes for test class [ec.edu.espe.banquito.accounts.service.AccountServiceTest]: AccountServiceTest does not declare any static, non-private, non-final, nested classes annotated with @Configuration.
2023-08-30T10:58:03.178-05:00  INFO 13344 --- [    Test worker] .b.t.c.SpringBootTestContextBootstrapper : Found @SpringBootConfiguration ec.edu.espe.banquito.accounts.AccountsApplication for test class ec.edu.espe.banquito.accounts.service.AccountServiceTest
1
1
2023-08-30T10:58:03.491-05:00 ERROR 13344 --- [    Test worker] e.e.e.b.accounts.service.AccountService  : Account with id nonExistentInternalCodeAccount not found
2023-08-30T10:58:03.501-05:00 ERROR 13344 --- [    Test worker] e.e.e.b.accounts.service.AccountService  : Account with id nonExistentAccountUK not found
2023-08-30T10:58:03.531-05:00  INFO 13344 --- [    Test worker] e.e.e.b.accounts.service.AccountService  : Ingreso exitoso
2023-08-30T10:58:03.539-05:00 ERROR 13344 --- [    Test worker] e.e.e.b.accounts.service.AccountService  : Account with id 1 not found
]]></system-out>
  <system-err><![CDATA[]]></system-err>
</testsuite>
